0 silly argv {
0 silly argv   _: [ 'run' ],
0 silly argv   stream: true,
0 silly argv   lernaVersion: '4.0.0',
0 silly argv   '$0': '/Users/justincoulston/Desktop/affilaite-core-mono/node_modules/.bin/lerna',
0 silly argv   script: 'compile'
0 silly argv }
1 notice cli v4.0.0
2 verbose rootPath /Users/justincoulston/Desktop/affilaite-core-mono
3 error JSONError: Unexpected token "}" (0x7D) in JSON at position 237 while parsing near "...ollup.config.js\",\n  },\n  \"author\": \"just..." in packages/config/package.json
3 error
3 error [0m [90m  7 |[39m     [32m"test"[39m[33m:[39m [32m"echo \"Error: no test specified\" && exit 1"[39m[33m,[39m[0m
3 error [0m [90m  8 |[39m     [32m"compile"[39m[33m:[39m [32m"rollup --config rollup.config.js"[39m[33m,[39m[0m
3 error [0m[31m[1m>[22m[39m[90m  9 |[39m   }[33m,[39m[0m
3 error [0m [90m    |[39m   [31m[1m^[22m[39m[0m
3 error [0m [90m 10 |[39m   [32m"author"[39m[33m:[39m [32m"justin coulston"[39m[33m,[39m[0m
3 error [0m [90m 11 |[39m   [32m"license"[39m[33m:[39m [32m"ISC"[39m[33m,[39m[0m
3 error [0m [90m 12 |[39m   [32m"devDependencies"[39m[33m:[39m {}[0m
3 error
3 error     at parseJson (/Users/justincoulston/Desktop/affilaite-core-mono/node_modules/parse-json/index.js:29:21)
3 error     at parse (/Users/justincoulston/Desktop/affilaite-core-mono/node_modules/load-json-file/index.js:15:9)
3 error     at module.exports (/Users/justincoulston/Desktop/affilaite-core-mono/node_modules/load-json-file/index.js:18:47)
